
/home/runner/work/exp-bernoullis-real-fluids-iitb/exp-bernoullis-real-fluids-iitb/experiment/simulation/common_libraries/js/ts_components/collapse_step.js
   1:10  warning  'show_step' is defined but never used                 no-unused-vars
   2:5   warning  '$' is not defined                                    no-undef
   3:9   warning  '$' is not defined                                    no-undef
   6:10  warning  'hide_step' is defined but never used                 no-unused-vars
   7:5   warning  '$' is not defined                                    no-undef
   8:9   warning  '$' is not defined                                    no-undef
  11:10  warning  'get_collapse_btn_text' is defined but never used     no-unused-vars
  20:10  warning  'get_collapse_btn_element' is defined but never used  no-unused-vars
  29:10  warning  'hide_all_steps' is defined but never used            no-unused-vars
  31:9   warning  '$' is not defined                                    no-undef

/home/runner/work/exp-bernoullis-real-fluids-iitb/exp-bernoullis-real-fluids-iitb/experiment/simulation/common_libraries/js/ts_components/matrix.js
   27:26  warning  'MathJax' is not defined                                no-undef
   32:7   warning  'Matrix_Without_String' is defined but never used       no-unused-vars
   52:26  warning  'MathJax' is not defined                                no-undef
   56:10  warning  'get_matrix_html' is defined but never used             no-unused-vars
   87:13  warning  'row_html' is assigned a value but never used           no-unused-vars
   99:10  warning  'get_matrix_html_with_title' is defined but never used  no-unused-vars
  131:13  warning  'row_html' is assigned a value but never used           no-unused-vars
  143:10  warning  'convert_2d_to_1d_vector' is defined but never used     no-unused-vars
  156:10  warning  'convert_1d_to_2d_matrix' is defined but never used     no-unused-vars

/home/runner/work/exp-bernoullis-real-fluids-iitb/exp-bernoullis-real-fluids-iitb/experiment/simulation/common_libraries/js/ts_components/pannel.js
  8:7  warning  'Pannel' is defined but never used  no-unused-vars

/home/runner/work/exp-bernoullis-real-fluids-iitb/exp-bernoullis-real-fluids-iitb/experiment/simulation/common_libraries/js/ts_components/questions.js
   6:17  warning  'op1' is assigned a value but never used      no-unused-vars
   7:17  warning  'op2' is assigned a value but never used      no-unused-vars
   8:17  warning  'op3' is assigned a value but never used      no-unused-vars
   9:17  warning  'op4' is assigned a value but never used      no-unused-vars
  94:7   warning  'Question_Options' is defined but never used  no-unused-vars

/home/runner/work/exp-bernoullis-real-fluids-iitb/exp-bernoullis-real-fluids-iitb/experiment/simulation/common_libraries/js/ts_components/tables.js
   19:22  warning  'verify_values' is not defined                                     no-undef
  137:22  warning  'verify_values' is not defined                                     no-undef
  260:7   warning  'Verify_Rows_Cols_6_decimal_places' is defined but never used      no-unused-vars
  311:22  warning  'verify_values' is not defined                                     no-undef
  416:7   warning  'Verify_Rows_Cols_Custom_Fixed_Update1' is defined but never used  no-unused-vars
  468:7   warning  'Show_Table_Custom_Fixed' is defined but never used                no-unused-vars
  506:7   warning  'Verify_Rows_Cols_Strings' is defined but never used               no-unused-vars
  527:22  warning  'verify_values' is not defined                                     no-undef
  663:7   warning  'Display_Table' is defined but never used                          no-unused-vars

/home/runner/work/exp-bernoullis-real-fluids-iitb/exp-bernoullis-real-fluids-iitb/experiment/simulation/common_libraries/js/ts_math_library/general_math_functions.js
    1:10  warning  'verify_values' is defined but never used                   no-unused-vars
   17:10  warning  'random1' is defined but never used                         no-unused-vars
   21:10  warning  'std_deviation' is defined but never used                   no-unused-vars
   26:10  warning  'gauss' is defined but never used                           no-unused-vars
   56:10  warning  'hide_panel' is defined but never used                      no-unused-vars
   63:10  warning  'inverse_matrix' is defined but never used                  no-unused-vars
   96:10  warning  'matrix_multiplication' is defined but never used           no-unused-vars
  113:10  warning  'transpose_matrix' is defined but never used                no-unused-vars
  123:10  warning  'matrix_multiplication_8decimal' is defined but never used  no-unused-vars
  140:10  warning  'adjoint_2x2_matrix' is defined but never used              no-unused-vars
  145:10  warning  'find_deteminant' is defined but never used                 no-unused-vars
  174:10  warning  'get_Submatrix' is defined but never used                   no-unused-vars

/home/runner/work/exp-bernoullis-real-fluids-iitb/exp-bernoullis-real-fluids-iitb/experiment/simulation/common_libraries/js/ts_math_library/regression.js
   1:10  warning  'regression_linear' is defined but never used            no-unused-vars
  18:10  warning  'regression_linear_1variable' is defined but never used  no-unused-vars
  27:10  warning  'regression_linear_2variable' is defined but never used  no-unused-vars
  52:11  warning  'gauss' is not defined                                   no-undef

/home/runner/work/exp-bernoullis-real-fluids-iitb/exp-bernoullis-real-fluids-iitb/experiment/simulation/common_libraries/math.ob.js
  1:745  warning  'b' is already defined  no-redeclare

/home/runner/work/exp-bernoullis-real-fluids-iitb/exp-bernoullis-real-fluids-iitb/experiment/simulation/js/activity1.js
    1:5    warning  'chart' is defined but never used               no-unused-vars
   19:24   warning  'MathJax' is not defined                        no-undef
   22:10   warning  'start_act1' is defined but never used          no-unused-vars
   28:20   warning  'get_collapse_btn_text' is not defined          no-undef
   37:42   warning  'dia' is not defined                            no-undef
   37:69   warning  'v' is not defined                              no-undef
   37:113  warning  'p_a' is not defined                            no-undef
   37:141  warning  'p_b' is not defined                            no-undef
   99:5    warning  'hide_all_steps' is not defined                 no-undef
  100:24   warning  'show_step' is not defined                      no-undef
  101:24   warning  'MathJax' is not defined                        no-undef
  104:5    warning  'dia' is not defined                            no-undef
  105:31   warning  'dia' is not defined                            no-undef
  107:5    warning  'v' is not defined                              no-undef
  108:24   warning  'v' is not defined                              no-undef
  110:5    warning  'p_a' is not defined                            no-undef
  111:26   warning  'p_a' is not defined                            no-undef
  113:5    warning  'p_b' is not defined                            no-undef
  114:26   warning  'p_b' is not defined                            no-undef
  115:5    warning  'e_a' is not defined                            no-undef
  115:13   warning  'p_a' is not defined                            no-undef
  115:39   warning  'rho' is not defined                            no-undef
  115:45   warning  'g' is not defined                              no-undef
  115:61   warning  'v' is not defined                              no-undef
  115:74   warning  'g' is not defined                              no-undef
  115:80   warning  'z1' is not defined                             no-undef
  116:26   warning  'e_a' is not defined                            no-undef
  117:5    warning  'e_b' is not defined                            no-undef
  117:13   warning  'p_b' is not defined                            no-undef
  117:39   warning  'rho' is not defined                            no-undef
  117:45   warning  'g' is not defined                              no-undef
  117:61   warning  'v' is not defined                              no-undef
  117:74   warning  'g' is not defined                              no-undef
  117:80   warning  'z2' is not defined                             no-undef
  118:26   warning  'e_b' is not defined                            no-undef
  120:10   warning  'verify_a_energy' is defined but never used     no-unused-vars
  124:10   warning  'verify_values' is not defined                  no-undef
  124:90   warning  'e_a' is not defined                            no-undef
  129:35   warning  'e_a' is not defined                            no-undef
  137:10   warning  'verify_b_energy' is defined but never used     no-unused-vars
  141:10   warning  'verify_values' is not defined                  no-undef
  141:90   warning  'e_b' is not defined                            no-undef
  146:35   warning  'e_b' is not defined                            no-undef
  155:9    warning  'e_a' is not defined                            no-undef
  155:15   warning  'e_b' is not defined                            no-undef
  156:9    warning  'head_loss_a' is not defined                    no-undef
  156:23   warning  'e_a' is not defined                            no-undef
  156:29   warning  'e_b' is not defined                            no-undef
  157:39   warning  'head_loss_a' is not defined                    no-undef
  162:9    warning  'head_loss_b' is not defined                    no-undef
  162:23   warning  'e_b' is not defined                            no-undef
  162:29   warning  'e_a' is not defined                            no-undef
  163:39   warning  'head_loss_b' is not defined                    no-undef
  168:10   warning  'verify_head_loss_a' is defined but never used  no-unused-vars
  172:10   warning  'verify_values' is not defined                  no-undef
  172:93   warning  'head_loss_a' is not defined                    no-undef
  177:35   warning  'head_loss_a' is not defined                    no-undef
  182:5    warning  'start_act2' is not defined                     no-undef
  184:10   warning  'verify_head_loss_b' is defined but never used  no-unused-vars
  188:10   warning  'verify_values' is not defined                  no-undef
  188:93   warning  'head_loss_b' is not defined                    no-undef
  193:35   warning  'head_loss_b' is not defined                    no-undef
  198:5    warning  'start_act2' is not defined                     no-undef
  242:5    warning  'ans_a1' is not defined                         no-undef
  242:14   warning  'e_a' is not defined                            no-undef
  242:20   warning  'e_b' is not defined                            no-undef
  244:24   warning  'Question_Options' is not defined               no-undef
  244:52   warning  'ans_a1' is not defined                         no-undef
  248:24   warning  'MathJax' is not defined                        no-undef
  251:9    warning  'div' is assigned a value but never used        no-unused-vars
  252:9    warning  'text' is assigned a value but never used       no-unused-vars
  252:16   warning  'ans_a1' is not defined                         no-undef

/home/runner/work/exp-bernoullis-real-fluids-iitb/exp-bernoullis-real-fluids-iitb/experiment/simulation/js/activity2.js
    1:10   warning  'start_act2' is defined but never used               no-unused-vars
    7:20   warning  'get_collapse_btn_text' is not defined               no-undef
   16:42   warning  'act2_dia_a' is not defined                          no-undef
   16:80   warning  'act2_dia_b' is not defined                          no-undef
   16:119  warning  'act2_v_a' is not defined                            no-undef
   16:175  warning  'act2_p_a' is not defined                            no-undef
   16:208  warning  'act2_p_b' is not defined                            no-undef
   17:31   warning  'h' is not defined                                   no-undef
  144:5    warning  'maindiv' is not defined                             no-undef
  145:5    warning  'hide_all_steps' is not defined                      no-undef
  146:24   warning  'show_step' is not defined                           no-undef
  147:24   warning  'MathJax' is not defined                             no-undef
  150:5    warning  'act2_dia_a' is not defined                          no-undef
  151:33   warning  'act2_dia_a' is not defined                          no-undef
  152:5    warning  'act2_dia_b' is not defined                          no-undef
  153:33   warning  'act2_dia_b' is not defined                          no-undef
  154:5    warning  'act2_v_a' is not defined                            no-undef
  155:32   warning  'act2_v_a' is not defined                            no-undef
  156:5    warning  'act2_p_a' is not defined                            no-undef
  157:31   warning  'act2_p_a' is not defined                            no-undef
  158:5    warning  'act2_p_b' is not defined                            no-undef
  159:31   warning  'act2_p_b' is not defined                            no-undef
  160:5    warning  'h' is not defined                                   no-undef
  161:5    warning  'h' is not defined                                   no-undef
  161:20   warning  'h' is not defined                                   no-undef
  162:5    warning  'act2_e_a' is not defined                            no-undef
  162:18   warning  'act2_p_a' is not defined                            no-undef
  162:49   warning  'rho' is not defined                                 no-undef
  162:55   warning  'g' is not defined                                   no-undef
  162:71   warning  'act2_v_a' is not defined                            no-undef
  162:91   warning  'g' is not defined                                   no-undef
  162:97   warning  'act2_z1' is not defined                             no-undef
  163:31   warning  'act2_e_a' is not defined                            no-undef
  164:5    warning  'act2_aa' is not defined                             no-undef
  164:41   warning  'act2_dia_a' is not defined                          no-undef
  165:31   warning  'act2_aa' is not defined                             no-undef
  166:5    warning  'act2_ab' is not defined                             no-undef
  166:41   warning  'act2_dia_b' is not defined                          no-undef
  167:31   warning  'act2_ab' is not defined                             no-undef
  168:5    warning  'act2_v_b' is not defined                            no-undef
  168:17   warning  'act2_aa' is not defined                             no-undef
  168:27   warning  'act2_v_a' is not defined                            no-undef
  168:39   warning  'act2_ab' is not defined                             no-undef
  169:32   warning  'act2_v_b' is not defined                            no-undef
  170:5    warning  'act2_e_b' is not defined                            no-undef
  170:18   warning  'act2_p_a' is not defined                            no-undef
  170:49   warning  'rho' is not defined                                 no-undef
  170:55   warning  'g' is not defined                                   no-undef
  170:71   warning  'act2_v_b' is not defined                            no-undef
  170:91   warning  'g' is not defined                                   no-undef
  170:97   warning  'h' is not defined                                   no-undef
  171:31   warning  'act2_e_b' is not defined                            no-undef
  173:10   warning  'act2_verify_a_energy' is defined but never used     no-unused-vars
  177:10   warning  'verify_values' is not defined                       no-undef
  177:95   warning  'act2_e_a' is not defined                            no-undef
  182:35   warning  'act2_e_a' is not defined                            no-undef
  190:10   warning  'act2_verify_aa' is defined but never used           no-unused-vars
  194:10   warning  'verify_values' is not defined                       no-undef
  194:89   warning  'act2_aa' is not defined                             no-undef
  199:35   warning  'act2_aa' is not defined                             no-undef
  207:10   warning  'act2_verify_ab' is defined but never used           no-unused-vars
  211:10   warning  'verify_values' is not defined                       no-undef
  211:89   warning  'act2_ab' is not defined                             no-undef
  216:35   warning  'act2_ab' is not defined                             no-undef
  224:10   warning  'act2_verify_vb' is defined but never used           no-unused-vars
  228:10   warning  'verify_values' is not defined                       no-undef
  228:89   warning  'act2_v_b' is not defined                            no-undef
  233:35   warning  'act2_v_b' is not defined                            no-undef
  241:10   warning  'act2_verify_b_energy' is defined but never used     no-unused-vars
  245:10   warning  'verify_values' is not defined                       no-undef
  245:95   warning  'act2_e_b' is not defined                            no-undef
  250:35   warning  'act2_e_b' is not defined                            no-undef
  299:5    warning  'ans_a2' is not defined                              no-undef
  299:14   warning  'act2_e_a' is not defined                            no-undef
  299:25   warning  'act2_e_b' is not defined                            no-undef
  301:24   warning  'Question_Options' is not defined                    no-undef
  301:52   warning  'ans_a2' is not defined                              no-undef
  305:24   warning  'MathJax' is not defined                             no-undef
  308:9    warning  'div' is assigned a value but never used             no-unused-vars
  309:9    warning  'text' is assigned a value but never used            no-unused-vars
  309:16   warning  'ans_a2' is not defined                              no-undef
  314:9    warning  'act2_e_a' is not defined                            no-undef
  314:20   warning  'act2_e_b' is not defined                            no-undef
  315:9    warning  'act2_head_loss_a' is not defined                    no-undef
  315:28   warning  'act2_e_a' is not defined                            no-undef
  315:39   warning  'act2_e_b' is not defined                            no-undef
  316:44   warning  'act2_head_loss_a' is not defined                    no-undef
  321:9    warning  'act2_head_loss_b' is not defined                    no-undef
  321:28   warning  'act2_e_b' is not defined                            no-undef
  321:39   warning  'act2_e_a' is not defined                            no-undef
  322:44   warning  'act2_head_loss_b' is not defined                    no-undef
  327:10   warning  'act2_verify_head_loss_a' is defined but never used  no-unused-vars
  331:10   warning  'verify_values' is not defined                       no-undef
  331:98   warning  'act2_head_loss_a' is not defined                    no-undef
  336:35   warning  'act2_head_loss_a' is not defined                    no-undef
  343:10   warning  'act2_verify_head_loss_b' is defined but never used  no-unused-vars
  347:10   warning  'verify_values' is not defined                       no-undef
  347:98   warning  'act2_head_loss_b' is not defined                    no-undef
  352:35   warning  'act2_head_loss_b' is not defined                    no-undef

/home/runner/work/exp-bernoullis-real-fluids-iitb/exp-bernoullis-real-fluids-iitb/experiment/simulation/js/data.js
   1:5  warning  'dia' is defined but never used                        no-unused-vars
   2:5  warning  'p_a' is defined but never used                        no-unused-vars
   3:5  warning  'v' is defined but never used                          no-unused-vars
   4:5  warning  'rho' is assigned a value but never used               no-unused-vars
   5:5  warning  'g' is assigned a value but never used                 no-unused-vars
   6:5  warning  'z1' is assigned a value but never used                no-unused-vars
   7:5  warning  'e_a' is defined but never used                        no-unused-vars
   8:5  warning  'p_b' is defined but never used                        no-unused-vars
   9:5  warning  'z2' is assigned a value but never used                no-unused-vars
  10:5  warning  'e_b' is defined but never used                        no-unused-vars
  11:5  warning  'head_loss_a' is assigned a value but never used       no-unused-vars
  12:5  warning  'head_loss_b' is assigned a value but never used       no-unused-vars
  13:5  warning  'ans_a1' is defined but never used                     no-unused-vars
  14:5  warning  'act2_dia_a' is defined but never used                 no-unused-vars
  15:5  warning  'act2_dia_b' is defined but never used                 no-unused-vars
  16:5  warning  'act2_v_a' is defined but never used                   no-unused-vars
  17:5  warning  'act2_v_b' is defined but never used                   no-unused-vars
  18:5  warning  'act2_p_a' is defined but never used                   no-unused-vars
  19:5  warning  'act2_p_b' is defined but never used                   no-unused-vars
  20:5  warning  'h' is defined but never used                          no-unused-vars
  21:5  warning  'act2_e_a' is defined but never used                   no-unused-vars
  22:5  warning  'act2_e_b' is defined but never used                   no-unused-vars
  23:5  warning  'act2_z1' is assigned a value but never used           no-unused-vars
  24:5  warning  'act2_aa' is defined but never used                    no-unused-vars
  25:5  warning  'act2_ab' is defined but never used                    no-unused-vars
  26:5  warning  'ans_a2' is defined but never used                     no-unused-vars
  27:5  warning  'act2_head_loss_a' is assigned a value but never used  no-unused-vars
  28:5  warning  'act2_head_loss_b' is assigned a value but never used  no-unused-vars

✖ 250 problems (0 errors, 250 warnings)

